<?xml version="1.0" encoding="UTF-8"?>
<!-- Generated by org.testng.reporters.JUnitReportReporter -->
<testsuite skipped="0" hostname="praveena-PC" name="seleniumtest.Sample" tests="1" failures="0" timestamp="18 Sep 2019 02:35:28 GMT" time="18.129" errors="0">
  <testcase name="launchbrowser" time="18.129" classname="seleniumtest.Sample"/>
</testsuite> <!-- seleniumtest.Sample -->
